set threshold 4800
stream ready at rtsp://10.1.1.2:8554/test
Pipeline & elements found
text recovered and sent to textoverlay
No, Focus score is (337.22);117;120;121;122;121
No, Focus score is (342.59);116;131;120;123;120
No, Focus score is (359.98);118;152;117;132;120
No, Focus score is (377.87);119;160;121;150;120
No, Focus score is (347.89);120;134;121;124;121
No, Focus score is (371.87);119;163;121;134;123
No, Focus score is (394.90);119;174;123;160;122
No, Focus score is (368.25);122;148;123;138;124
No, Focus score is (366.51);121;154;122;129;126
No, Focus score is (393.22);123;164;124;158;127
No, Focus score is (354.53);123;126;126;129;127
No, Focus score is (389.51);125;162;126;149;129
No, Focus score is (382.22);127;151;128;142;132
No, Focus score is (388.18);126;161;129;140;133
No, Focus score is (403.32);131;166;129;156;134
No, Focus score is (411.75);134;164;133;161;139
No, Focus score is (399.55);131;165;130;146;138
No, Focus score is (415.25);138;168;129;161;142
No, Focus score is (394.43);139;144;132;145;144
No, Focus score is (418.12);137;173;130;157;145
No, Focus score is (434.04);147;174;135;169;149
No, Focus score is (400.42);140;143;132;153;146
No, Focus score is (437.67);146;177;136;164;154
No, Focus score is (418.57);145;160;136;148;157
No, Focus score is (413.95);143;157;134;147;156
No, Focus score is (444.26);150;169;150;158;163
No, Focus score is (436.58);150;160;147;162;159
No, Focus score is (429.30);151;147;149;159;160
No, Focus score is (438.43);152;163;145;163;159
No, Focus score is (437.85);151;165;144;158;163
No, Focus score is (445.99);153;164;149;162;165
No, Focus score is (439.61);150;156;145;169;163
No, Focus score is (476.05);159;159;171;171;185
No, Focus score is (475.07);161;153;177;167;187
No, Focus score is (495.28);163;172;179;177;189
No, Focus score is (494.95);160;168;172;192;187
No, Focus score is (482.77);160;168;160;187;183
No, Focus score is (498.89);162;182;163;193;186
No, Focus score is (490.22);174;151;168;191;190
No, Focus score is (667.83);235;224;237;236;259
No, Focus score is (688.79);237;237;240;251;262
No, Focus score is (640.57);239;169;241;241;258
No, Focus score is (634.18);230;172;237;253;241
No, Focus score is (631.97);218;213;223;245;227
No, Focus score is (617.62);218;187;220;250;228
No, Focus score is (813.36);263;249;262;352;317
No, Focus score is (1036.29);423;272;376;359;439
No, Focus score is (1052.28);419;349;371;320;434
No, Focus score is (1073.46);465;168;389;472;450
No, Focus score is (2525.20);1364;167;996;500;1636
No, Focus score is (3616.80);1440;817;1062;1491;1698
No, Focus score is (3408.43);1448;441;1066;1498;1711
No, Focus score is (3799.48);1943;166;1577;1094;2201
OK, Focus score is (5042);2412;462;2313;1598;2421
OK, Focus score is (5959);2414;1083;2313;2506;2419
OK, Focus score is (5870);2418;858;2328;2557;2428
OK, Focus score is (5305);2430;211;2346;2233;2432
OK, Focus score is (5126);2426;172;2327;2001;2427
OK, Focus score is (5277);2417;222;2311;2231;2419
OK, Focus score is (6588);2397;2105;2299;2564;2414
OK, Focus score is (6633);2402;2184;2313;2539;2418
OK, Focus score is (6620);2401;2169;2314;2535;2414
OK, Focus score is (6614);2400;2172;2308;2531;2412
OK, Focus score is (6594);2390;2159;2291;2546;2401
OK, Focus score is (6599);2392;2162;2289;2552;2401
OK, Focus score is (6639);2407;2199;2307;2543;2412
OK, Focus score is (6634);2413;2179;2313;2540;2416
OK, Focus score is (6637);2413;2180;2326;2532;2416
OK, Focus score is (6621);2403;2182;2303;2538;2410
OK, Focus score is (6623);2404;2181;2307;2538;2410
OK, Focus score is (6596);2391;2166;2287;2545;2401
OK, Focus score is (6596);2389;2169;2287;2544;2401
OK, Focus score is (6613);2399;2176;2300;2538;2408
OK, Focus score is (6626);2402;2191;2312;2530;2410
OK, Focus score is (6631);2405;2189;2319;2526;2414
OK, Focus score is (6610);2394;2179;2295;2538;2407
OK, Focus score is (6610);2397;2173;2297;2539;2409
OK, Focus score is (6610);2396;2171;2297;2541;2411
OK, Focus score is (6624);2403;2177;2314;2529;2417
OK, Focus score is (6624);2404;2176;2314;2529;2418
OK, Focus score is (6619);2402;2172;2306;2534;2417
OK, Focus score is (6608);2402;2160;2299;2538;2414
OK, Focus score is (6602);2407;2132;2307;2542;2419
OK, Focus score is (6507);2401;1988;2295;2544;2417
OK, Focus score is (6478);2413;1907;2316;2540;2426
OK, Focus score is (6428);2415;1824;2317;2537;2425
OK, Focus score is (6380);2414;1749;2315;2538;2422
OK, Focus score is (6343);2411;1695;2306;2543;2420
OK, Focus score is (6317);2410;1662;2303;2541;2417
OK, Focus score is (6271);2410;1606;2301;2527;2412
OK, Focus score is (6227);2411;1550;2304;2505;2412
OK, Focus score is (6207);2421;1521;2324;2482;2403
OK, Focus score is (6182);2433;1482;2354;2458;2387
OK, Focus score is (6350);2437;1683;2361;2532;2384
OK, Focus score is (6679);2419;2249;2345;2549;2377
OK, Focus score is (6685);2417;2257;2350;2539;2384
OK, Focus score is (6631);2402;2233;2324;2528;2365
OK, Focus score is (6621);2400;2222;2320;2538;2354
OK, Focus score is (6614);2399;2221;2325;2524;2353
OK, Focus score is (6627);2407;2228;2341;2514;2357
OK, Focus score is (6620);2404;2222;2335;2519;2354
OK, Focus score is (6609);2396;2216;2324;2526;2352
OK, Focus score is (6597);2391;2209;2315;2530;2347
OK, Focus score is (6513);2362;2188;2295;2463;2335
OK, Focus score is (6611);2389;2224;2337;2491;2374
OK, Focus score is (6600);2384;2218;2326;2496;2370
OK, Focus score is (6592);2380;2213;2321;2497;2370
OK, Focus score is (6582);2376;2208;2314;2500;2364
OK, Focus score is (6612);2390;2224;2336;2490;2376
OK, Focus score is (6603);2384;2219;2328;2494;2373
OK, Focus score is (6617);2392;2229;2343;2485;2378
OK, Focus score is (6612);2389;2225;2337;2488;2377
OK, Focus score is (6600);2385;2218;2328;2492;2372
OK, Focus score is (6621);2393;2231;2346;2483;2380
OK, Focus score is (6596);2382;2215;2324;2495;2372
OK, Focus score is (6592);2379;2213;2325;2493;2370
OK, Focus score is (6588);2379;2210;2320;2496;2369
OK, Focus score is (6568);2371;2197;2304;2506;2359
OK, Focus score is (6605);2386;2218;2332;2495;2373
OK, Focus score is (6611);2388;2222;2334;2494;2375
OK, Focus score is (6605);2385;2218;2327;2499;2375
OK, Focus score is (6589);2378;2209;2318;2500;2370
OK, Focus score is (6583);2370;2204;2310;2512;2365
OK, Focus score is (6599);2377;2209;2318;2514;2373
OK, Focus score is (6616);2385;2225;2333;2493;2386
OK, Focus score is (6635);2396;2238;2344;2489;2391
OK, Focus score is (6617);2387;2215;2322;2511;2389
OK, Focus score is (6644);2388;2224;2327;2538;2393
OK, Focus score is (6652);2396;2241;2327;2535;2386
OK, Focus score is (6634);2396;2228;2319;2530;2382
OK, Focus score is (6671);2403;2234;2339;2551;2391
OK, Focus score is (6663);2406;2225;2336;2547;2393
OK, Focus score is (6593);2414;2081;2338;2565;2394
OK, Focus score is (6494);2412;1927;2333;2567;2389
OK, Focus score is (6443);2419;1819;2349;2564;2394
OK, Focus score is (6378);2425;1706;2356;2554;2398
OK, Focus score is (6299);2423;1577;2358;2548;2400
OK, Focus score is (6242);2421;1493;2354;2543;2399
OK, Focus score is (6176);2414;1409;2338;2538;2399
OK, Focus score is (6109);2409;1323;2325;2527;2402
OK, Focus score is (6055);2401;1254;2311;2529;2397
OK, Focus score is (6013);2398;1188;2311;2515;2407
OK, Focus score is (6011);2394;1185;2310;2523;2404
OK, Focus score is (6041);2412;1197;2321;2543;2399
OK, Focus score is (6102);2417;1262;2337;2566;2394
OK, Focus score is (6058);2330;1604;2231;2406;2302
OK, Focus score is (6633);2400;2187;2326;2558;2384
OK, Focus score is (6609);2388;2170;2313;2553;2388
OK, Focus score is (6620);2398;2169;2331;2542;2393
OK, Focus score is (6651);2411;2189;2350;2540;2399
OK, Focus score is (6561);2412;2022;2347;2555;2402
OK, Focus score is (6459);2391;1926;2303;2545;2397
OK, Focus score is (6412);2392;1828;2302;2560;2402
OK, Focus score is (6385);2393;1779;2306;2565;2397
OK, Focus score is (6372);2391;1760;2312;2555;2398
OK, Focus score is (6346);2382;1740;2297;2558;2393
OK, Focus score is (6345);2384;1725;2304;2574;2381
OK, Focus score is (6338);2396;1694;2315;2581;2376
OK, Focus score is (6274);2405;1555;2336;2584;2379
OK, Focus score is (6235);2403;1488;2336;2586;2379
OK, Focus score is (6066);2365;1413;2268;2527;2325
OK, Focus score is (6147);2403;1345;2327;2602;2369
OK, Focus score is (6101);2406;1265;2333;2601;2366
OK, Focus score is (6073);2418;1188;2358;2591;2373
OK, Focus score is (6017);2424;1087;2359;2591;2376
OK, Focus score is (5918);2414;990;2344;2562;2358
OK, Focus score is (6292);2379;1738;2289;2523;2351
OK, Focus score is (6637);2369;2229;2320;2533;2400
OK, Focus score is (6585);2361;2208;2317;2491;2386
OK, Focus score is (6585);2365;2203;2326;2486;2383
OK, Focus score is (6585);2362;2206;2329;2480;2385
OK, Focus score is (6575);2361;2196;2323;2486;2380
OK, Focus score is (6550);2348;2182;2300;2498;2371
OK, Focus score is (6557);2350;2188;2305;2494;2374
OK, Focus score is (6567);2355;2193;2311;2491;2380
OK, Focus score is (6579);2361;2199;2322;2486;2384
OK, Focus score is (6568);2355;2194;2313;2490;2381
OK, Focus score is (6555);2348;2186;2303;2495;2375
OK, Focus score is (6569);2355;2195;2314;2489;2381
OK, Focus score is (6573);2356;2197;2318;2488;2382
OK, Focus score is (6580);2361;2202;2324;2484;2384
OK, Focus score is (6579);2360;2201;2322;2484;2385
OK, Focus score is (6573);2357;2196;2317;2487;2383
OK, Focus score is (6562);2352;2189;2306;2493;2380
OK, Focus score is (6548);2348;2181;2297;2497;2374
OK, Focus score is (6554);2346;2182;2298;2504;2374
OK, Focus score is (6573);2349;2190;2299;2522;2377
OK, Focus score is (6587);2371;2193;2318;2494;2392
OK, Focus score is (6614);2373;2211;2335;2485;2411
OK, Focus score is (6636);2380;2224;2345;2489;2414
OK, Focus score is (6658);2383;2231;2344;2525;2408
OK, Focus score is (6574);2376;2212;2322;2535;2302
OK, Focus score is (6563);2387;2218;2320;2557;2252
OK, Focus score is (6522);2398;2203;2330;2565;2174
OK, Focus score is (6221);2422;1700;2344;2585;2125
OK, Focus score is (6076);2424;1429;2355;2585;2141
OK, Focus score is (6025);2412;1307;2333;2588;2205
OK, Focus score is (5982);2409;1227;2327;2590;2220
OK, Focus score is (5906);2413;1072;2327;2589;2246
OK, Focus score is (5896);2426;1012;2350;2576;2272
OK, Focus score is (5889);2424;982;2350;2571;2296
OK, Focus score is (5893);2423;960;2344;2570;2333
OK, Focus score is (5884);2413;941;2328;2578;2353
OK, Focus score is (5872);2413;904;2333;2574;2366
OK, Focus score is (5643);2190;1594;2082;2221;2048
OK, Focus score is (6643);2375;2223;2331;2523;2412
OK, Focus score is (6571);2362;2195;2302;2504;2375
OK, Focus score is (6558);2355;2181;2301;2499;2379
OK, Focus score is (6565);2361;2186;2316;2483;2383
OK, Focus score is (6568);2364;2187;2317;2484;2383
OK, Focus score is (6575);2364;2189;2321;2487;2385
OK, Focus score is (6542);2351;2172;2296;2494;2374
OK, Focus score is (6535);2343;2171;2295;2488;2376
OK, Focus score is (6547);2347;2178;2303;2485;2381
OK, Focus score is (6549);2349;2181;2306;2480;2383
OK, Focus score is (6560);2353;2187;2314;2478;2386
OK, Focus score is (6565);2359;2186;2318;2479;2386
OK, Focus score is (6559);2354;2184;2314;2478;2386
OK, Focus score is (6552);2352;2180;2306;2484;2382
OK, Focus score is (6542);2348;2174;2298;2488;2378
OK, Focus score is (6553);2353;2180;2306;2485;2382
OK, Focus score is (6563);2357;2186;2316;2478;2386
OK, Focus score is (6553);2352;2180;2308;2483;2382
OK, Focus score is (6538);2344;2172;2293;2490;2378
OK, Focus score is (6540);2347;2168;2293;2498;2377
OK, Focus score is (6557);2355;2180;2310;2486;2383
OK, Focus score is (6558);2350;2176;2300;2504;2383
OK, Focus score is (6577);2358;2186;2315;2498;2392
OK, Focus score is (6560);2353;2187;2306;2480;2392
OK, Focus score is (6543);2349;2182;2295;2472;2391
OK, Focus score is (6566);2350;2184;2294;2518;2381
OK, Focus score is (6584);2359;2175;2300;2528;2398
OK, Focus score is (6581);2365;2159;2299;2537;2396
OK, Focus score is (6618);2373;2173;2325;2542;2408
OK, Focus score is (6609);2373;2160;2319;2543;2411
OK, Focus score is (6593);2378;2158;2305;2548;2393
OK, Focus score is (6472);2386;1956;2298;2560;2382
OK, Focus score is (6249);2400;1527;2315;2592;2381
OK, Focus score is (6104);2405;1272;2318;2593;2386
OK, Focus score is (5970);2393;1069;2303;2601;2381
OK, Focus score is (5765);2403;708;2318;2597;2383
OK, Focus score is (5675);2393;582;2305;2603;2374
OK, Focus score is (5576);2398;405;2319;2600;2372
OK, Focus score is (5750);2398;737;2327;2565;2356
OK, Focus score is (6464);2358;2055;2279;2506;2360
OK, Focus score is (6597);2371;2169;2303;2545;2398
OK, Focus score is (6550);2362;2111;2280;2542;2408
OK, Focus score is (6357);2326;1983;2228;2484;2349
OK, Focus score is (6427);2333;1975;2268;2526;2388
OK, Focus score is (6232);2359;1716;2308;2523;2267
OK, Focus score is (5214);2351;254;2267;2360;2241
OK, Focus score is (5102);2388;175;2327;2330;2078
OK, Focus score is (5060);2393;170;2327;2359;1981
OK, Focus score is (5038);2406;173;2353;2347;1920
OK, Focus score is (4979);2396;178;2328;2323;1872
OK, Focus score is (4952);2386;182;2324;2351;1806
OK, Focus score is (6550);2365;2104;2323;2536;2377
OK, Focus score is (6567);2338;2177;2317;2510;2381
OK, Focus score is (6570);2338;2176;2307;2527;2381
OK, Focus score is (6587);2343;2184;2311;2541;2380
OK, Focus score is (6572);2340;2160;2303;2538;2393
OK, Focus score is (6566);2344;2131;2318;2522;2410
OK, Focus score is (6545);2347;2078;2314;2540;2410
OK, Focus score is (6337);2337;1834;2272;2522;2375
OK, Focus score is (6265);2360;1599;2288;2593;2388
OK, Focus score is (5988);2373;1130;2308;2584;2377
OK, Focus score is (5622);2383;486;2323;2596;2377
OK, Focus score is (5518);2385;308;2324;2598;2377
OK, Focus score is (5627);2380;538;2322;2574;2358
OK, Focus score is (6554);2336;2148;2296;2527;2395
OK, Focus score is (6625);2354;2203;2329;2540;2401
OK, Focus score is (6604);2355;2201;2333;2501;2402
OK, Focus score is (6607);2360;2199;2335;2506;2398
OK, Focus score is (6577);2352;2182;2311;2509;2391
OK, Focus score is (6512);2338;2135;2280;2506;2374
OK, Focus score is (6429);2354;2173;2315;2530;2128
OK, Focus score is (6458);2370;2194;2328;2521;2140
OK, Focus score is (6635);2376;2203;2338;2530;2404
OK, Focus score is (6442);2364;2166;2318;2301;2376
OK, Focus score is (5968);2387;1779;2335;2150;2091
OK, Focus score is (5930);2393;1644;2333;2273;2038
OK, Focus score is (6594);2369;2153;2322;2543;2392
OK, Focus score is (6595);2360;2195;2325;2509;2389
OK, Focus score is (6593);2346;2191;2323;2528;2383
OK, Focus score is (6553);2342;2174;2314;2501;2370
OK, Focus score is (6534);2339;2165;2305;2495;2366
OK, Focus score is (6538);2343;2170;2311;2486;2368
OK, Focus score is (6547);2348;2174;2320;2479;2373
OK, Focus score is (6526);2340;2162;2303;2485;2366
OK, Focus score is (6516);2337;2156;2298;2485;2363
OK, Focus score is (6509);2332;2153;2291;2492;2358
OK, Focus score is (6537);2347;2167;2311;2483;2369
OK, Focus score is (6536);2346;2166;2312;2482;2370
OK, Focus score is (6528);2342;2161;2305;2486;2367
OK, Focus score is (6517);2337;2154;2296;2490;2364
OK, Focus score is (6511);2334;2151;2294;2489;2361
OK, Focus score is (6535);2345;2166;2312;2481;2370
OK, Focus score is (6508);2334;2150;2290;2491;2360
OK, Focus score is (6517);2337;2156;2297;2486;2364
OK, Focus score is (6522);2337;2160;2302;2484;2366
OK, Focus score is (6523);2340;2158;2301;2484;2369
OK, Focus score is (6515);2335;2156;2289;2492;2364
OK, Focus score is (6515);2334;2148;2289;2503;2363
OK, Focus score is (6563);2350;2171;2313;2512;2376
No, Focus score is (342.38);117;124;129;118;122
No, Focus score is (337.20);115;123;128;115;119
No, Focus score is (338.28);117;123;128;116;119
No, Focus score is (338.70);118;124;125;117;120
No, Focus score is (338.69);116;124;128;117;118
No, Focus score is (341.01);118;124;126;117;123
No, Focus score is (337.34);116;123;125;118;119
No, Focus score is (341.69);117;124;128;117;122
No, Focus score is (342.63);116;125;127;118;123
No, Focus score is (341.22);118;124;128;117;121
No, Focus score is (341.28);117;124;128;118;121
No, Focus score is (341.93);119;124;126;119;122
OK, Focus score is (6530);2337;2155;2297;2497;2376
OK, Focus score is (6511);2335;2148;2288;2492;2366
OK, Focus score is (6524);2344;2154;2300;2482;2374
OK, Focus score is (6510);2338;2146;2292;2485;2369
OK, Focus score is (6507);2336;2143;2287;2490;2367
OK, Focus score is (6506);2335;2142;2288;2491;2367
OK, Focus score is (6509);2337;2144;2290;2488;2367
OK, Focus score is (6520);2342;2150;2298;2484;2373
OK, Focus score is (6532);2347;2158;2309;2476;2378
OK, Focus score is (6518);2341;2148;2296;2484;2374
OK, Focus score is (6509);2337;2143;2287;2492;2369
OK, Focus score is (6515);2339;2148;2293;2487;2372
OK, Focus score is (6529);2347;2154;2304;2483;2376
OK, Focus score is (6536);2350;2160;2311;2476;2380
OK, Focus score is (6517);2342;2150;2296;2484;2372
OK, Focus score is (6512);2338;2145;2291;2488;2372
OK, Focus score is (6509);2338;2143;2288;2490;2369
