set threshold 4800
stream ready at rtsp://10.1.1.2:8554/test
Pipeline & elements found
text recovered and sent to textoverlay
No, Focus score is (378.90);138;140;134;132;134
No, Focus score is (380.06);138;139;134;135;134
No, Focus score is (379.19);137;139;133;133;135
No, Focus score is (375.66);135;136;132;135;132
No, Focus score is (381.25);136;141;134;135;135
No, Focus score is (382.39);138;140;134;136;135
No, Focus score is (373.84);134;136;131;133;133
No, Focus score is (378.44);136;138;133;136;134
No, Focus score is (379.36);135;139;133;136;135
No, Focus score is (379.66);134;136;140;134;132
No, Focus score is (400.80);140;140;163;136;136
No, Focus score is (402.69);138;142;167;136;134
No, Focus score is (387.56);133;138;151;134;134
No, Focus score is (378.48);135;139;133;136;133
No, Focus score is (376.83);134;137;132;135;134
No, Focus score is (384.18);137;138;144;135;132
No, Focus score is (387.27);137;140;143;137;134
No, Focus score is (383.56);135;141;134;139;135
No, Focus score is (383.02);135;139;143;133;134
No, Focus score is (392.25);139;141;147;137;136
No, Focus score is (382.84);134;141;137;136;135
No, Focus score is (386.69);136;140;143;135;135
No, Focus score is (387.53);135;141;143;136;136
No, Focus score is (390.29);139;143;138;139;139
No, Focus score is (396.38);140;144;146;141;136
No, Focus score is (402.10);139;145;154;140;138
No, Focus score is (397.93);143;148;137;143;141
No, Focus score is (392.18);137;144;136;141;142
No, Focus score is (396.25);139;143;140;143;142
No, Focus score is (402.90);141;146;143;146;143
No, Focus score is (401.79);141;146;141;145;144
No, Focus score is (408.19);144;148;144;147;145
No, Focus score is (412.97);145;152;142;150;148
No, Focus score is (409.11);143;148;143;149;146
No, Focus score is (415.35);145;151;147;151;146
No, Focus score is (412.50);144;150;143;152;147
No, Focus score is (419.69);151;154;140;153;152
No, Focus score is (418.42);148;152;143;153;151
No, Focus score is (423.77);149;155;145;154;153
No, Focus score is (423.48);153;155;139;156;154
No, Focus score is (421.85);151;152;143;154;154
No, Focus score is (425.72);150;154;145;155;155
No, Focus score is (430.73);151;155;145;160;157
No, Focus score is (434.70);154;157;149;158;158
No, Focus score is (427.77);150;156;142;158;157
No, Focus score is (436.11);154;158;145;161;159
No, Focus score is (437.15);155;156;148;159;163
No, Focus score is (442.97);156;155;155;161;163
No, Focus score is (444.68);161;160;142;163;169
No, Focus score is (448.03);159;156;155;164;166
No, Focus score is (452.99);160;159;157;163;169
No, Focus score is (454.19);158;162;157;165;168
No, Focus score is (469.75);163;167;159;172;177
No, Focus score is (469.40);162;167;162;170;176
No, Focus score is (470.82);166;169;148;173;184
No, Focus score is (474.00);172;166;150;171;188
No, Focus score is (495.13);173;166;182;173;189
No, Focus score is (484.16);172;172;160;173;187
No, Focus score is (503.55);170;179;178;180;188
No, Focus score is (505.73);169;177;185;180;188
No, Focus score is (525.74);191;176;185;186;201
No, Focus score is (558.41);197;176;228;188;208
No, Focus score is (548.44);195;175;217;190;203
No, Focus score is (544.87);197;180;200;190;207
No, Focus score is (565.73);236;214;152;190;230
No, Focus score is (646.51);249;231;247;195;239
No, Focus score is (600.54);247;230;173;195;238
No, Focus score is (643.57);248;232;241;196;239
No, Focus score is (614.13);257;241;149;217;245
No, Focus score is (623.58);266;233;137;250;242
No, Focus score is (684.35);264;229;246;248;241
No, Focus score is (629.74);266;229;153;251;240
No, Focus score is (713.32);344;336;140;264;220
No, Focus score is (800.29);350;330;318;233;220
No, Focus score is (715.05);362;346;145;240;219
No, Focus score is (1083.33);635;579;140;380;283
No, Focus score is (1274.10);620;561;472;396;282
No, Focus score is (1120.43);637;578;177;400;287
No, Focus score is (2113.61);1164;1085;177;807;678
No, Focus score is (2719.53);1197;1100;1024;864;747
No, Focus score is (2684.70);1268;1186;722;931;790
No, Focus score is (2941.64);1494;1445;241;1187;1034
No, Focus score is (3877.98);1807;1780;424;1567;1487
No, Focus score is (4465.17);1750;1700;1643;1499;1433
No, Focus score is (4459.18);1752;1699;1637;1499;1428
No, Focus score is (4270.97);1779;1734;1232;1525;1440
No, Focus score is (3702.25);1810;1793;147;1569;1455
No, Focus score is (3748.02);1829;1816;147;1586;1478
No, Focus score is (4187.34);1994;2005;144;1771;1730
No, Focus score is (4468.28);2105;2132;139;1860;1913
OK, Focus score is (5524);2061;2063;1984;1884;1902
OK, Focus score is (5501);2051;2053;1977;1876;1894
OK, Focus score is (5505);2052;2053;1986;1874;1894
OK, Focus score is (5506);2056;2059;1974;1876;1897
OK, Focus score is (5499);2053;2056;1976;1874;1891
OK, Focus score is (5514);2054;2059;1987;1879;1895
OK, Focus score is (5548);2068;2078;1986;1896;1907
OK, Focus score is (4881);2084;2103;823;1908;1912
No, Focus score is (4730.65);2091;2113;547;1915;1915
No, Focus score is (4717.17);2103;2130;458;1936;1935
No, Focus score is (4703.10);2118;2148;376;1959;1944
No, Focus score is (4618.97);2116;2143;238;1958;1948
No, Focus score is (4591.20);2120;2145;178;1962;1954
No, Focus score is (4671.02);2150;2183;155;2000;2013
No, Focus score is (4795.45);2191;2234;147;2049;2102
OK, Focus score is (4871);2220;2272;140;2080;2145
OK, Focus score is (5044);2285;2352;140;2145;2246
OK, Focus score is (5107);2306;2381;140;2170;2283
OK, Focus score is (5115);2291;2359;204;2159;2274
OK, Focus score is (6296);2273;2328;2247;2146;2258
OK, Focus score is (6275);2268;2316;2245;2131;2255
OK, Focus score is (6275);2267;2318;2242;2133;2253
OK, Focus score is (6276);2266;2319;2241;2134;2255
OK, Focus score is (6267);2262;2319;2237;2131;2250
OK, Focus score is (6267);2262;2319;2239;2128;2250
OK, Focus score is (6271);2263;2319;2241;2133;2250
OK, Focus score is (6279);2266;2318;2239;2141;2256
OK, Focus score is (6282);2268;2320;2239;2143;2256
OK, Focus score is (6275);2266;2317;2234;2140;2257
OK, Focus score is (6263);2262;2314;2234;2132;2251
OK, Focus score is (6231);2255;2283;2218;2135;2247
OK, Focus score is (6226);2257;2279;2220;2126;2246
OK, Focus score is (6227);2258;2279;2218;2128;2249
OK, Focus score is (6228);2257;2280;2222;2128;2247
OK, Focus score is (6228);2260;2277;2217;2129;2250
OK, Focus score is (6225);2258;2278;2219;2125;2248
OK, Focus score is (6225);2256;2277;2218;2128;2248
OK, Focus score is (6226);2256;2280;2219;2126;2246
OK, Focus score is (6231);2255;2280;2229;2126;2246
OK, Focus score is (6228);2255;2279;2226;2125;2246
OK, Focus score is (6225);2254;2280;2222;2127;2244
OK, Focus score is (6228);2254;2279;2226;2126;2245
OK, Focus score is (6227);2255;2281;2224;2125;2245
OK, Focus score is (6229);2254;2282;2228;2125;2244
OK, Focus score is (6232);2253;2283;2233;2125;2245
OK, Focus score is (6231);2255;2283;2231;2124;2244
OK, Focus score is (6230);2254;2282;2228;2125;2245
OK, Focus score is (6228);2254;2282;2229;2125;2242
OK, Focus score is (6227);2253;2280;2227;2124;2245
OK, Focus score is (6225);2254;2278;2226;2125;2243
OK, Focus score is (6227);2256;2281;2223;2128;2243
OK, Focus score is (6224);2255;2280;2224;2124;2243
OK, Focus score is (6223);2253;2279;2225;2122;2242
OK, Focus score is (6226);2252;2280;2229;2123;2242
OK, Focus score is (6221);2252;2279;2227;2120;2241
OK, Focus score is (6221);2252;2279;2222;2124;2241
OK, Focus score is (6220);2253;2278;2222;2123;2241
OK, Focus score is (6221);2252;2279;2226;2122;2240
OK, Focus score is (6218);2253;2277;2223;2121;2241
OK, Focus score is (6218);2251;2276;2223;2122;2241
OK, Focus score is (6216);2252;2276;2222;2121;2241
OK, Focus score is (6214);2253;2273;2219;2121;2242
OK, Focus score is (6214);2254;2277;2217;2119;2241
OK, Focus score is (6229);2253;2300;2217;2122;2241
OK, Focus score is (6221);2251;2299;2212;2119;2237
OK, Focus score is (6213);2250;2291;2213;2115;2236
OK, Focus score is (6210);2249;2287;2214;2113;2237
OK, Focus score is (6211);2249;2288;2214;2116;2235
OK, Focus score is (6218);2251;2288;2214;2120;2240
OK, Focus score is (6217);2250;2292;2209;2123;2237
OK, Focus score is (6269);2267;2321;2229;2141;2247
OK, Focus score is (6248);2256;2312;2220;2135;2244
OK, Focus score is (6230);2258;2307;2212;2127;2232
OK, Focus score is (6244);2263;2311;2221;2128;2238
OK, Focus score is (6252);2264;2313;2225;2131;2242
OK, Focus score is (6269);2268;2318;2225;2142;2252
OK, Focus score is (6255);2268;2311;2227;2130;2245
OK, Focus score is (6188);2270;2313;2137;2115;2236
OK, Focus score is (6082);2276;2319;1968;2112;2220
OK, Focus score is (6051);2281;2327;1898;2117;2221
OK, Focus score is (6024);2284;2336;1804;2140;2238
OK, Focus score is (5993);2285;2339;1744;2141;2240
OK, Focus score is (5825);2291;2347;1449;2148;2238
OK, Focus score is (5711);2293;2352;1245;2151;2242
OK, Focus score is (5661);2326;2388;1022;2185;2290
OK, Focus score is (5664);2346;2411;938;2204;2324
OK, Focus score is (5675);2354;2420;911;2215;2343
OK, Focus score is (5819);2376;2450;1066;2220;2379
OK, Focus score is (5988);2371;2444;1338;2235;2382
OK, Focus score is (6525);2336;2413;2330;2217;2358
OK, Focus score is (6482);2322;2389;2313;2201;2353
OK, Focus score is (6481);2323;2386;2316;2196;2354
OK, Focus score is (6482);2325;2388;2314;2195;2356
OK, Focus score is (6484);2328;2388;2312;2199;2356
OK, Focus score is (6472);2323;2369;2315;2197;2357
OK, Focus score is (6467);2325;2363;2312;2194;2358
OK, Focus score is (6459);2324;2360;2310;2194;2352
OK, Focus score is (6470);2326;2367;2314;2196;2357
OK, Focus score is (6476);2326;2369;2316;2200;2358
OK, Focus score is (6472);2325;2367;2316;2196;2358
OK, Focus score is (6474);2323;2367;2321;2197;2356
OK, Focus score is (6469);2331;2366;2323;2181;2358
OK, Focus score is (6478);2333;2372;2323;2185;2362
OK, Focus score is (6482);2335;2373;2323;2189;2361
OK, Focus score is (6482);2338;2372;2320;2191;2361
OK, Focus score is (6483);2335;2374;2323;2190;2360
OK, Focus score is (6484);2336;2374;2324;2191;2361
OK, Focus score is (6479);2334;2370;2320;2194;2359
OK, Focus score is (6484);2333;2375;2325;2192;2359
OK, Focus score is (6484);2334;2374;2325;2192;2359
OK, Focus score is (6483);2335;2373;2322;2194;2359
OK, Focus score is (6484);2334;2374;2323;2194;2359
OK, Focus score is (6485);2334;2374;2323;2193;2362
OK, Focus score is (6481);2334;2372;2320;2194;2359
OK, Focus score is (6480);2334;2372;2318;2193;2360
OK, Focus score is (6478);2333;2371;2319;2193;2357
OK, Focus score is (6481);2333;2371;2319;2197;2359
OK, Focus score is (6477);2333;2369;2315;2197;2359
OK, Focus score is (6479);2331;2372;2321;2193;2359
OK, Focus score is (6479);2334;2370;2320;2196;2357
OK, Focus score is (6484);2333;2374;2323;2195;2359
OK, Focus score is (6484);2331;2373;2326;2193;2359
OK, Focus score is (6480);2334;2372;2321;2194;2356
OK, Focus score is (6477);2333;2373;2320;2190;2357
OK, Focus score is (6481);2333;2373;2323;2193;2358
OK, Focus score is (6483);2333;2374;2325;2193;2357
OK, Focus score is (6479);2331;2372;2323;2190;2359
OK, Focus score is (6480);2332;2375;2326;2188;2356
OK, Focus score is (6478);2331;2372;2321;2193;2357
OK, Focus score is (6474);2334;2368;2317;2191;2357
OK, Focus score is (6476);2333;2376;2314;2192;2357
OK, Focus score is (6490);2332;2390;2312;2201;2358
OK, Focus score is (6477);2317;2391;2303;2206;2350
OK, Focus score is (6488);2322;2396;2306;2210;2354
OK, Focus score is (6502);2328;2402;2311;2212;2360
OK, Focus score is (6503);2332;2403;2311;2213;2357
OK, Focus score is (6497);2328;2399;2310;2210;2357
OK, Focus score is (6471);2332;2387;2308;2198;2337
OK, Focus score is (6497);2334;2395;2315;2208;2355
OK, Focus score is (6507);2339;2399;2316;2213;2357
OK, Focus score is (6524);2344;2398;2332;2215;2364
OK, Focus score is (6503);2354;2408;2283;2212;2366
OK, Focus score is (6497);2360;2411;2262;2216;2366
OK, Focus score is (6448);2367;2413;2176;2213;2367
OK, Focus score is (6399);2363;2413;2102;2210;2365
OK, Focus score is (6344);2364;2415;2010;2206;2366
OK, Focus score is (6307);2368;2420;1938;2205;2369
OK, Focus score is (6294);2375;2431;1884;2212;2380
OK, Focus score is (6313);2381;2437;1891;2218;2388
OK, Focus score is (6482);2379;2433;2170;2227;2388
OK, Focus score is (6570);2350;2419;2354;2227;2383
OK, Focus score is (6517);2331;2406;2311;2218;2374
OK, Focus score is (6517);2339;2401;2333;2201;2367
OK, Focus score is (6534);2341;2402;2339;2211;2377
OK, Focus score is (6529);2342;2389;2343;2213;2376
OK, Focus score is (6529);2343;2390;2340;2213;2377
OK, Focus score is (6536);2345;2394;2348;2208;2380
OK, Focus score is (6537);2345;2395;2345;2211;2381
OK, Focus score is (6536);2346;2395;2346;2209;2379
OK, Focus score is (6538);2346;2394;2348;2210;2379
OK, Focus score is (6537);2347;2395;2349;2208;2378
OK, Focus score is (6538);2347;2395;2347;2211;2378
OK, Focus score is (6536);2345;2395;2348;2207;2378
OK, Focus score is (6540);2347;2395;2351;2209;2380
OK, Focus score is (6533);2344;2393;2346;2209;2378
OK, Focus score is (6533);2347;2391;2344;2210;2379
OK, Focus score is (6534);2347;2391;2344;2210;2379
OK, Focus score is (6540);2346;2396;2350;2210;2380
OK, Focus score is (6536);2346;2393;2348;2209;2379
OK, Focus score is (6537);2345;2394;2352;2208;2378
OK, Focus score is (6541);2347;2397;2352;2208;2380
OK, Focus score is (6534);2340;2395;2352;2209;2374
OK, Focus score is (6525);2337;2389;2348;2205;2375
OK, Focus score is (6526);2337;2388;2350;2202;2378
OK, Focus score is (6524);2337;2388;2349;2202;2377
OK, Focus score is (6529);2340;2390;2346;2208;2377
OK, Focus score is (6533);2339;2392;2349;2210;2377
OK, Focus score is (6559);2342;2402;2350;2239;2379
No, Focus score is (1946.95);286;491;2207;135;222
No, Focus score is (366.25);126;136;130;129;132
No, Focus score is (367.56);127;137;132;128;131
No, Focus score is (369.60);128;137;133;130;131
No, Focus score is (368.35);128;137;132;128;131
No, Focus score is (365.32);129;134;133;127;130
No, Focus score is (364.07);126;135;131;126;131
No, Focus score is (368.95);128;138;131;129;132
No, Focus score is (360.04);123;134;129;124;130
No, Focus score is (360.83);125;134;130;125;129
No, Focus score is (362.32);126;134;131;126;129
No, Focus score is (366.80);127;135;133;128;130
No, Focus score is (363.73);126;134;131;129;127
OK, Focus score is (6557);2348;2403;2352;2227;2381
OK, Focus score is (6530);2345;2392;2345;2207;2377
OK, Focus score is (6520);2341;2386;2344;2202;2375
OK, Focus score is (6521);2340;2385;2345;2202;2376
OK, Focus score is (6524);2339;2389;2352;2199;2374
OK, Focus score is (6525);2341;2389;2350;2199;2376
OK, Focus score is (6519);2342;2384;2342;2204;2374
OK, Focus score is (6521);2340;2386;2343;2204;2377
OK, Focus score is (6524);2341;2387;2343;2206;2376
OK, Focus score is (6524);2340;2387;2345;2206;2376
OK, Focus score is (6524);2340;2386;2345;2206;2376
OK, Focus score is (6523);2338;2386;2348;2204;2374
OK, Focus score is (6521);2338;2384;2342;2206;2376
OK, Focus score is (6521);2338;2385;2345;2205;2375
OK, Focus score is (6521);2339;2385;2341;2206;2376
OK, Focus score is (6520);2339;2384;2340;2208;2375
OK, Focus score is (6520);2338;2383;2341;2209;2376
OK, Focus score is (6521);2339;2385;2342;2207;2375
OK, Focus score is (6524);2339;2387;2348;2206;2373
OK, Focus score is (6524);2339;2386;2349;2205;2375
