set threshold 4600
stream ready at rtsp://10.1.1.2:8554/test
Pipeline & elements found
text recovered and sent to textoverlay
No, Focus score is (311.49);111;112;109;112;112
No, Focus score is (311.44);113;111;109;111;113
No, Focus score is (312.36);113;112;108;113;113
No, Focus score is (311.20);111;113;107;113;111
No, Focus score is (313.55);111;114;108;111;115
No, Focus score is (309.94);113;112;107;110;113
No, Focus score is (313.68);112;114;109;111;113
No, Focus score is (312.28);112;114;107;112;114
No, Focus score is (314.21);112;113;109;113;114
No, Focus score is (310.91);112;113;107;111;113
No, Focus score is (310.09);112;111;107;112;112
No, Focus score is (312.03);112;113;108;112;113
No, Focus score is (312.38);112;113;108;112;113
No, Focus score is (313.36);113;113;107;115;112
No, Focus score is (313.08);112;113;107;113;113
No, Focus score is (314.35);113;113;108;112;115
No, Focus score is (317.80);114;114;111;113;116
No, Focus score is (315.41);113;112;109;113;116
No, Focus score is (320.20);115;113;113;113;117
No, Focus score is (323.13);117;116;111;115;118
No, Focus score is (328.44);116;114;121;116;119
No, Focus score is (337.44);121;119;120;121;122
No, Focus score is (330.51);120;116;115;121;119
No, Focus score is (336.42);123;119;117;123;120
No, Focus score is (338.02);124;121;113;123;124
No, Focus score is (346.59);126;124;119;125;126
No, Focus score is (347.49);128;124;113;129;128
No, Focus score is (361.16);132;130;116;135;133
No, Focus score is (360.73);133;130;127;125;131
No, Focus score is (386.29);140;137;126;148;140
No, Focus score is (377.16);139;136;116;147;138
No, Focus score is (384.20);139;137;122;149;139
No, Focus score is (395.21);140;141;123;155;147
No, Focus score is (398.14);147;140;123;156;146
No, Focus score is (422.23);152;145;144;162;151
No, Focus score is (413.75);151;147;129;164;149
No, Focus score is (426.65);149;153;135;167;157
No, Focus score is (434.48);153;151;137;170;164
No, Focus score is (442.17);151;151;150;174;161
No, Focus score is (510.26);182;174;126;222;207
No, Focus score is (558.47);183;225;148;242;194
No, Focus score is (575.99);179;221;207;227;186
No, Focus score is (507.50);171;203;138;205;186
No, Focus score is (780.78);392;230;260;247;304
No, Focus score is (787.34);387;227;272;253;302
No, Focus score is (1769.10);1002;541;238;717;784
No, Focus score is (3705.34);1789;1459;385;1587;1552
OK, Focus score is (4672);1925;1699;1390;1743;1672
OK, Focus score is (4633);1914;1679;1373;1751;1643
OK, Focus score is (4713);1899;1663;1549;1749;1629
No, Focus score is (4233.97);2017;1822;235;1881;1775
OK, Focus score is (4648);2150;2036;237;2088;1953
OK, Focus score is (4834);2197;2116;280;2178;2018
OK, Focus score is (5226);2253;2216;613;2287;2092
OK, Focus score is (5380);2271;2254;773;2317;2109
OK, Focus score is (5459);2266;2258;909;2320;2100
OK, Focus score is (5463);2266;2260;916;2318;2101
OK, Focus score is (5534);2265;2259;1039;2316;2098
OK, Focus score is (6073);2252;2246;1971;2308;2097
OK, Focus score is (6119);2241;2239;2073;2294;2099
OK, Focus score is (6147);2241;2244;2076;2293;2139
OK, Focus score is (6161);2246;2244;2081;2300;2147
OK, Focus score is (6132);2236;2233;2064;2294;2138
OK, Focus score is (6150);2242;2244;2076;2294;2142
OK, Focus score is (6136);2237;2241;2071;2295;2128
OK, Focus score is (6106);2225;2225;2053;2292;2123
OK, Focus score is (6115);2227;2231;2052;2296;2127
OK, Focus score is (6115);2233;2236;2068;2287;2111
OK, Focus score is (6106);2227;2234;2066;2287;2105
OK, Focus score is (6084);2220;2223;2050;2289;2098
OK, Focus score is (6076);2216;2216;2047;2289;2096
OK, Focus score is (6129);2241;2242;2078;2287;2114
OK, Focus score is (6057);2224;2234;2058;2272;2047
OK, Focus score is (6002);2205;2211;2032;2272;2019
OK, Focus score is (6000);2204;2207;2033;2272;2018
OK, Focus score is (6048);2223;2227;2060;2273;2039
OK, Focus score is (6048);2223;2229;2059;2271;2040
OK, Focus score is (6010);2209;2210;2039;2271;2023
OK, Focus score is (6014);2208;2212;2042;2273;2024
OK, Focus score is (6042);2218;2222;2058;2273;2037
OK, Focus score is (6013);2207;2210;2043;2272;2025
OK, Focus score is (6007);2204;2207;2039;2274;2022
OK, Focus score is (6035);2215;2223;2054;2273;2033
OK, Focus score is (6016);2211;2213;2040;2274;2025
OK, Focus score is (6019);2212;2214;2040;2274;2030
OK, Focus score is (6033);2215;2216;2040;2277;2046
OK, Focus score is (6051);2218;2221;2047;2278;2061
OK, Focus score is (6098);2229;2232;2052;2287;2106
OK, Focus score is (6087);2227;2228;2051;2286;2096
OK, Focus score is (6112);2232;2234;2061;2292;2113
OK, Focus score is (6153);2246;2249;2072;2301;2136
OK, Focus score is (5623);2259;2258;1164;2306;2138
OK, Focus score is (5304);2249;2247;643;2309;2142
OK, Focus score is (5205);2243;2248;489;2301;2142
OK, Focus score is (5088);2243;2253;313;2280;2139
OK, Focus score is (4997);2237;2251;196;2258;2133
OK, Focus score is (4847);2183;2203;141;2195;2084
OK, Focus score is (4739);2141;2164;126;2139;2041
OK, Focus score is (4645);2098;2131;152;2057;2002
OK, Focus score is (4655);2086;2118;204;2050;1996
OK, Focus score is (5676);2057;2073;1983;2052;1982
OK, Focus score is (5628);2041;2058;1979;2041;1941
OK, Focus score is (5642);2054;2081;2000;2032;1920
OK, Focus score is (5639);2050;2075;2008;2031;1917
OK, Focus score is (5551);2021;2033;1978;2006;1886
OK, Focus score is (5658);2062;2071;2030;2027;1926
OK, Focus score is (5662);2063;2073;2032;2027;1928
OK, Focus score is (5646);2059;2064;2020;2031;1923
OK, Focus score is (5651);2058;2066;2026;2030;1924
OK, Focus score is (5656);2062;2069;2028;2028;1927
OK, Focus score is (5643);2056;2064;2019;2030;1921
OK, Focus score is (5641);2056;2061;2018;2030;1921
OK, Focus score is (5643);2055;2062;2020;2028;1924
OK, Focus score is (5638);2054;2059;2018;2030;1920
OK, Focus score is (5644);2055;2063;2022;2029;1923
OK, Focus score is (5649);2056;2066;2023;2031;1924
OK, Focus score is (5640);2056;2062;2017;2030;1920
OK, Focus score is (5638);2053;2061;2016;2031;1921
OK, Focus score is (5653);2060;2066;2025;2031;1925
OK, Focus score is (5668);2064;2073;2036;2031;1930
OK, Focus score is (5631);2049;2056;2014;2031;1918
OK, Focus score is (5654);2055;2074;2025;2029;1924
OK, Focus score is (5653);2055;2074;2023;2032;1923
OK, Focus score is (5610);2045;2052;1994;2034;1907
OK, Focus score is (5653);2060;2073;2018;2033;1925
OK, Focus score is (5654);2059;2074;2017;2035;1925
OK, Focus score is (5613);2046;2055;1993;2035;1908
OK, Focus score is (5649);2059;2073;2014;2034;1921
OK, Focus score is (5651);2060;2077;2012;2036;1920
OK, Focus score is (5627);2054;2068;1989;2042;1910
OK, Focus score is (5655);2056;2071;1996;2056;1932
No, Focus score is (296.39);103;107;107;104;108
No, Focus score is (295.57);102;108;107;103;106
No, Focus score is (294.11);102;106;108;102;107
No, Focus score is (294.54);102;106;106;104;107
No, Focus score is (295.63);101;107;107;104;107
No, Focus score is (291.97);103;105;105;102;107
No, Focus score is (293.27);103;105;105;102;107
No, Focus score is (294.31);104;106;108;101;106
No, Focus score is (291.99);101;105;107;101;106
OK, Focus score is (5703);2070;2089;2016;2073;1947
OK, Focus score is (5628);2054;2072;1988;2042;1909
OK, Focus score is (5632);2056;2070;1993;2041;1912
OK, Focus score is (5669);2068;2087;2017;2039;1926
OK, Focus score is (5668);2066;2086;2017;2038;1928
OK, Focus score is (5633);2055;2067;1996;2042;1913
OK, Focus score is (5634);2055;2068;1995;2042;1914
OK, Focus score is (5669);2067;2083;2017;2042;1928
OK, Focus score is (5673);2065;2087;2021;2041;1930
OK, Focus score is (5673);2053;2071;2000;2050;1966
OK, Focus score is (5719);2071;2084;2023;2063;1980
OK, Focus score is (5757);2083;2102;2043;2058;2003
OK, Focus score is (5746);2078;2097;2035;2059;2001
OK, Focus score is (5718);2069;2080;2016;2060;1994
OK, Focus score is (5718);2065;2081;2015;2063;1995
OK, Focus score is (5752);2079;2097;2035;2067;2002
OK, Focus score is (5754);2082;2101;2037;2062;2003
OK, Focus score is (5720);2076;2101;2003;2061;1984
OK, Focus score is (5733);2083;2119;1969;2089;1989
OK, Focus score is (5731);2095;2133;1922;2116;1984
OK, Focus score is (5709);2087;2133;1901;2111;1979
OK, Focus score is (5742);2109;2157;1885;2132;1990
OK, Focus score is (5789);2136;2184;1860;2168;2012
OK, Focus score is (5814);2158;2199;1817;2201;2033
OK, Focus score is (5838);2176;2212;1793;2226;2048
OK, Focus score is (5847);2162;2199;1859;2203;2043
OK, Focus score is (6036);2191;2213;2055;2242;2090
OK, Focus score is (5947);2169;2192;2021;2231;2021
OK, Focus score is (5939);2169;2191;2019;2228;2014
OK, Focus score is (5975);2182;2207;2041;2229;2027
OK, Focus score is (5978);2183;2208;2044;2228;2029
OK, Focus score is (5943);2171;2192;2024;2226;2015
OK, Focus score is (5947);2172;2192;2026;2228;2016
OK, Focus score is (5992);2191;2214;2054;2223;2035
OK, Focus score is (5984);2189;2209;2049;2224;2032
OK, Focus score is (5944);2171;2193;2024;2226;2017
OK, Focus score is (5939);2166;2194;2014;2231;2016
OK, Focus score is (6012);2199;2222;2046;2235;2051
OK, Focus score is (6001);2196;2219;2041;2235;2042
OK, Focus score is (6004);2191;2209;2037;2242;2058
OK, Focus score is (6024);2192;2208;2036;2244;2091
OK, Focus score is (6052);2201;2222;2050;2246;2100
OK, Focus score is (6067);2207;2226;2053;2255;2105
OK, Focus score is (5983);2208;2233;1904;2258;2104
OK, Focus score is (5728);2202;2230;1495;2256;2097
OK, Focus score is (5690);2200;2227;1443;2254;2092
OK, Focus score is (5605);2211;2244;1262;2263;2097
OK, Focus score is (5605);2228;2260;1211;2276;2109
OK, Focus score is (5604);2235;2262;1176;2292;2119
OK, Focus score is (5625);2254;2272;1150;2309;2141
OK, Focus score is (5646);2245;2265;1211;2298;2138
OK, Focus score is (6089);2219;2232;2045;2280;2112
OK, Focus score is (6005);2200;2218;2028;2266;2030
OK, Focus score is (6049);2218;2240;2056;2268;2039
OK, Focus score is (6056);2223;2241;2060;2268;2042
OK, Focus score is (6016);2208;2221;2041;2269;2025
OK, Focus score is (6012);2205;2218;2038;2269;2025
OK, Focus score is (6062);2226;2241;2066;2268;2043
OK, Focus score is (6065);2227;2245;2067;2268;2045
OK, Focus score is (6021);2211;2222;2044;2269;2027
OK, Focus score is (6019);2210;2221;2042;2269;2027
OK, Focus score is (6062);2226;2241;2067;2268;2043
OK, Focus score is (6067);2228;2243;2069;2268;2046
OK, Focus score is (6034);2215;2226;2053;2270;2032
OK, Focus score is (6034);2215;2227;2051;2270;2032
OK, Focus score is (6060);2225;2237;2067;2268;2044
OK, Focus score is (6032);2213;2223;2055;2268;2032
OK, Focus score is (6029);2210;2221;2051;2271;2032
OK, Focus score is (6015);2208;2224;2043;2261;2026
OK, Focus score is (6016);2206;2224;2037;2269;2027
OK, Focus score is (6010);2204;2221;2035;2268;2023
OK, Focus score is (6025);2209;2226;2043;2270;2031
OK, Focus score is (6025);2209;2226;2041;2269;2033
OK, Focus score is (6020);2207;2228;2039;2269;2027
OK, Focus score is (6018);2206;2226;2037;2271;2026
OK, Focus score is (6010);2204;2225;2031;2269;2023
OK, Focus score is (6014);2205;2226;2033;2269;2025
OK, Focus score is (6041);2217;2237;2048;2269;2036
